01:49:09.876 [JavaFX-Launcher] INFO  com.goranrsbg.gi.GInvoicer - init started!
01:49:10.005 [JavaFX-Launcher] INFO  org.hibernate.Version - HHH000412: Hibernate ORM core version [WORKING]
01:49:10.652 [JavaFX-Launcher] ERROR com.goranrsbg.gi.database.DBFactory - Connection to database failed: cfg/database.properties (No such file or directory)
01:49:10.653 [JavaFX-Launcher] INFO  com.goranrsbg.gi.GInvoicer - init ended!
01:51:22.972 [JavaFX-Launcher] INFO  com.goranrsbg.gi.GInvoicer - init started!
01:51:23.081 [JavaFX-Launcher] INFO  org.hibernate.Version - HHH000412: Hibernate ORM core version [WORKING]
01:51:23.821 [JavaFX-Launcher] INFO  org.hibernate.annotations.common.Version - HCANN000001: Hibernate Commons Annotations {5.1.0.Final}
01:51:23.927 [JavaFX-Launcher] INFO  org.hibernate.c3p0.internal.C3P0ConnectionProvider - HHH010002: C3P0 using driver: org.apache.derby.client.am.ClientConnection at URL: jdbc:derby://localhost:1527/Data/Data/Database/Derby/ginvoice
01:51:23.928 [JavaFX-Launcher] INFO  org.hibernate.c3p0.internal.C3P0ConnectionProvider - HHH10001001: Connection properties: {default_schema=GI, password=****, autocommit=false, user=giadmin}
01:51:23.928 [JavaFX-Launcher] INFO  org.hibernate.c3p0.internal.C3P0ConnectionProvider - HHH10001003: Autocommit mode: false
01:51:23.946 [MLog-Init-Reporter] INFO  com.mchange.v2.log.MLog - MLog clients using log4j2 logging.
01:51:23.993 [JavaFX-Launcher] INFO  com.mchange.v2.c3p0.C3P0Registry - Initializing c3p0-0.9.5.3 [built 27-January-2019 00:11:37 -0800; debug? true; trace: 10]
01:51:24.015 [JavaFX-Launcher] INFO  org.hibernate.c3p0.internal.C3P0ConnectionProvider - HHH10001007: JDBC isolation level: <unknown>
01:51:24.037 [JavaFX-Launcher] INFO  com.mchange.v2.c3p0.impl.AbstractPoolBackedDataSource - Initializing c3p0 pool... com.mchange.v2.c3p0.PoolBackedDataSource@59ae2308 [ connectionPoolDataSource -> com.mchange.v2.c3p0.WrapperConnectionPoolDataSource@b5e4bd7 [ acquireIncrement -> 5, acquireRetryAttempts -> 30, acquireRetryDelay -> 1000, autoCommitOnClose -> false, automaticTestTable -> null, breakAfterAcquireFailure -> false, checkoutTimeout -> 0, connectionCustomizerClassName -> null, connectionTesterClassName -> com.mchange.v2.c3p0.impl.DefaultConnectionTester, contextClassLoaderSource -> caller, debugUnreturnedConnectionStackTraces -> false, factoryClassLocation -> null, forceIgnoreUnresolvedTransactions -> false, forceSynchronousCheckins -> false, identityToken -> 1hge0yva91qqgoxqsax3vo|7b463127, idleConnectionTestPeriod -> 3000, initialPoolSize -> 5, maxAdministrativeTaskTime -> 0, maxConnectionAge -> 0, maxIdleTime -> 1800, maxIdleTimeExcessConnections -> 0, maxPoolSize -> 20, maxStatements -> 50, maxStatementsPerConnection -> 0, minPoolSize -> 5, nestedDataSource -> com.mchange.v2.c3p0.DriverManagerDataSource@101670bb [ description -> null, driverClass -> null, factoryClassLocation -> null, forceUseNamedDriverClass -> false, identityToken -> 1hge0yva91qqgoxqsax3vo|4c314146, jdbcUrl -> jdbc:derby://localhost:1527/Data/Data/Database/Derby/ginvoice, properties -> {password=******, default_schema=GI, autocommit=false, user=******} ], preferredTestQuery -> null, privilegeSpawnedThreads -> false, propertyCycle -> 0, statementCacheNumDeferredCloseThreads -> 0, testConnectionOnCheckin -> false, testConnectionOnCheckout -> false, unreturnedConnectionTimeout -> 0, usesTraditionalReflectiveProxies -> false; userOverrides: {} ], dataSourceName -> null, extensions -> {}, factoryClassLocation -> null, identityToken -> 1hge0yva91qqgoxqsax3vo|5ca0e1b8, numHelperThreads -> 3 ]
01:51:24.196 [JavaFX-Launcher] INFO  org.hibernate.dialect.Dialect - HHH000400: Using dialect: org.hibernate.dialect.DerbyTenSevenDialect
01:51:24.202 [JavaFX-Launcher] WARN  org.hibernate.dialect.DerbyDialect - HHH000328: Unable to load/access derby driver class sysinfo to check versions : org.apache.derby.tools.sysinfo
01:51:24.731 [JavaFX-Launcher] INFO  org.hibernate.orm.connections.access - HHH10001501: Connection obtained from JdbcConnectionAccess [org.hibernate.engine.jdbc.env.internal.JdbcEnvironmentInitiator$ConnectionProviderJdbcConnectionAccess@738a6da8] for (non-JTA) DDL execution was not in auto-commit mode; the Connection 'local transaction' will be committed and the Connection will be set into auto-commit mode.
01:51:24.764 [JavaFX-Launcher] INFO  com.goranrsbg.gi.GInvoicer - init ended!
01:51:24.776 [JavaFX Application Thread] INFO  com.goranrsbg.gi.GInvoicer - Started.
01:52:31.052 [JavaFX Application Thread] INFO  com.goranrsbg.gi.GInvoicer - the end.
